2025-05-08 05:50:48,998 - INFO - Loaded configuration
2025-05-08 05:50:48,999 - ERROR - Error in prepare_training_data: DataFetcher.__init__() takes 1 positional argument but 2 were given
2025-05-08 05:50:48,999 - ERROR - Error in main: DataFetcher.__init__() takes 1 positional argument but 2 were given
2025-05-08 05:52:02,817 - INFO - Loaded configuration
2025-05-08 05:52:02,817 - ERROR - Error in prepare_training_data: 'DataFetcher' object has no attribute 'setup_mt5'
2025-05-08 05:52:02,817 - ERROR - Error in main: 'DataFetcher' object has no attribute 'setup_mt5'
2025-05-08 05:53:59,820 - INFO - Loaded configuration
2025-05-08 05:53:59,847 - ERROR - Error setting up MetaTrader5: name 'SYMBOL' is not defined
2025-05-08 05:53:59,870 - ERROR - Error in prepare_training_data: name 'NEWS_API_KEY' is not defined
2025-05-08 05:53:59,870 - ERROR - Error in main: name 'NEWS_API_KEY' is not defined
2025-05-08 05:59:04,486 - INFO - Loaded configuration
2025-05-08 05:59:04,511 - ERROR - Error setting up MetaTrader5: name 'SYMBOL' is not defined
2025-05-08 05:59:04,526 - ERROR - Error in prepare_training_data: 'DataFetcher' object has no attribute 'fetch_historical_data'
2025-05-08 05:59:04,526 - ERROR - Error in main: 'DataFetcher' object has no attribute 'fetch_historical_data'
2025-05-08 06:01:44,720 - INFO - Loaded configuration
2025-05-08 06:01:44,739 - ERROR - Error setting up MetaTrader5: name 'SYMBOL' is not defined
2025-05-08 06:01:44,757 - ERROR - Error in prepare_training_data: 'DataFetcher' object has no attribute 'fetch_historical_data'
2025-05-08 06:01:44,757 - ERROR - Error in main: 'DataFetcher' object has no attribute 'fetch_historical_data'
2025-05-08 06:04:32,906 - INFO - Loaded configuration
2025-05-08 06:04:32,922 - ERROR - Error setting up MetaTrader5: name 'SYMBOL' is not defined
2025-05-08 06:04:32,947 - ERROR - No data returned for XAUUSD M5
2025-05-08 06:04:32,951 - ERROR - Error in prepare_training_data: No historical data for XAUUSD M5
2025-05-08 06:04:32,951 - ERROR - Error in main: No historical data for XAUUSD M5
2025-05-08 06:14:53,136 - INFO - Loaded configuration
2025-05-08 06:14:53,158 - ERROR - Error setting up MetaTrader5: name 'SYMBOL' is not defined
2025-05-08 06:14:53,179 - ERROR - No data returned for XAUUSD M5
2025-05-08 06:14:53,181 - ERROR - Error in prepare_training_data: No historical data for XAUUSD M5
2025-05-08 06:14:53,181 - ERROR - Error in main: No historical data for XAUUSD M5
2025-05-08 06:17:17,476 - INFO - Loaded configuration
2025-05-08 06:17:17,476 - ERROR - Error setting up MetaTrader5: invalid literal for int() with base 10: 'yuvrajx098'
2025-05-08 06:17:17,496 - ERROR - No data returned for XAUUSD M5
2025-05-08 06:17:17,500 - ERROR - Error in prepare_training_data: No historical data for XAUUSD M5
2025-05-08 06:17:17,500 - ERROR - Error in main: No historical data for XAUUSD M5
2025-05-08 06:26:11,510 - INFO - Loaded configuration
2025-05-08 06:26:11,752 - ERROR - Failed to initialize MetaTrader5
2025-05-08 06:26:11,763 - ERROR - No data returned for XAUUSD M5
2025-05-08 06:26:11,767 - ERROR - Error in prepare_training_data: No historical data for XAUUSD M5
2025-05-08 06:26:11,767 - ERROR - Error in main: No historical data for XAUUSD M5
2025-05-08 06:28:13,865 - INFO - Loaded configuration
2025-05-08 06:28:13,885 - ERROR - Failed to initialize MetaTrader5
2025-05-08 06:28:13,885 - ERROR - No data returned for XAUUSD M5
2025-05-08 06:28:13,885 - ERROR - Error in prepare_training_data: No historical data for XAUUSD M5
2025-05-08 06:28:13,885 - ERROR - Error in main: No historical data for XAUUSD M5
2025-05-08 06:30:28,555 - INFO - Loaded configuration
2025-05-08 06:30:28,576 - ERROR - Failed to initialize MetaTrader5
2025-05-08 06:30:28,576 - ERROR - No data returned for XAUUSD M5
2025-05-08 06:30:28,576 - ERROR - Error in prepare_training_data: No historical data for XAUUSD M5
2025-05-08 06:30:28,576 - ERROR - Error in main: No historical data for XAUUSD M5
2025-05-22 18:09:06,206 - INFO - Loaded configuration
2025-05-22 18:09:06,423 - ERROR - Failed to initialize MetaTrader5
2025-05-22 18:09:06,433 - ERROR - No data returned for XAUUSD M5
2025-05-22 18:09:06,435 - ERROR - Error in prepare_training_data: No historical data for XAUUSD M5
2025-05-22 18:09:06,435 - ERROR - Error in main: No historical data for XAUUSD M5
2025-05-22 18:11:13,699 - INFO - Loaded configuration
2025-05-22 18:11:14,904 - ERROR - Failed to initialize MetaTrader5
2025-05-22 18:11:14,908 - ERROR - No data returned for XAUUSD M5
2025-05-22 18:11:14,910 - ERROR - Error in prepare_training_data: No historical data for XAUUSD M5
2025-05-22 18:11:14,910 - ERROR - Error in main: No historical data for XAUUSD M5
2025-05-22 19:05:39,597 - INFO - Loaded configuration
2025-05-22 19:05:39,597 - ERROR - Error fetching historical data: name 'mt5' is not defined
2025-05-22 19:05:39,598 - ERROR - Error in prepare_training_data: No historical data for XAUUSD M5
2025-05-22 19:05:39,598 - ERROR - Error in main: No historical data for XAUUSD M5
2025-05-22 19:17:06,053 - INFO - Loaded configuration
2025-05-22 19:17:06,054 - ERROR - Error loading CSV data: CSV file not found: data\XAUUSD_M1.csv
2025-05-22 19:17:06,055 - ERROR - Error in prepare_training_data: No historical M1 data found for XAUUSD
2025-05-22 19:17:06,055 - ERROR - Error in main: No historical M1 data found for XAUUSD
2025-05-22 19:21:04,144 - INFO - Loaded configuration
2025-05-22 19:21:05,848 - ERROR - Error loading CSV data: 'timestamp'
2025-05-22 19:21:05,862 - ERROR - Error in prepare_training_data: No historical M1 data found for XAUUSD
2025-05-22 19:21:05,862 - ERROR - Error in main: No historical M1 data found for XAUUSD
2025-05-22 21:32:35,441 - INFO - Loaded configuration
2025-05-22 21:32:38,532 - ERROR - Error loading CSV data: 'timestamp'
2025-05-22 21:32:38,568 - ERROR - Error in prepare_training_data: No historical M1 data found for XAUUSD
2025-05-22 21:32:38,569 - ERROR - Error in main: No historical M1 data found for XAUUSD
2025-05-24 00:18:23,933 - INFO - Loaded configuration
2025-05-24 00:18:25,562 - ERROR - Error loading CSV data: 'timestamp'
2025-05-24 00:18:25,592 - ERROR - Error in prepare_training_data: No historical M1 data found for XAUUSD
2025-05-24 00:18:25,592 - ERROR - Error in main: No historical M1 data found for XAUUSD
2025-05-24 00:22:30,751 - INFO - Loaded configuration
2025-05-24 00:22:32,449 - ERROR - Error loading CSV data: 'timestamp'
2025-05-24 00:22:32,478 - ERROR - Error in prepare_training_data: No historical M1 data found for XAUUSD
2025-05-24 00:22:32,478 - ERROR - Error in main: No historical M1 data found for XAUUSD
2025-05-24 00:28:46,344 - INFO - Loaded configuration
2025-05-24 00:28:47,973 - ERROR - Error loading CSV data: 'timestamp'
2025-05-24 00:28:47,983 - ERROR - Error in prepare_training_data: No historical M1 data found for XAUUSD
2025-05-24 00:28:47,983 - ERROR - Error in main: No historical M1 data found for XAUUSD
2025-05-24 00:29:54,718 - INFO - Loaded configuration
2025-05-24 00:29:56,314 - ERROR - Error loading CSV data: 'timestamp'
2025-05-24 00:29:56,335 - ERROR - Error in prepare_training_data: No historical M1 data found for XAUUSD
2025-05-24 00:29:56,335 - ERROR - Error in main: No historical M1 data found for XAUUSD
2025-05-24 00:31:06,141 - INFO - Loaded configuration
2025-05-24 00:31:07,731 - ERROR - Error loading CSV data: 'timestamp'
2025-05-24 00:31:07,755 - ERROR - Error in prepare_training_data: No historical M1 data found for XAUUSD
2025-05-24 00:31:07,755 - ERROR - Error in main: No historical M1 data found for XAUUSD
2025-05-24 00:33:22,465 - INFO - Loaded configuration
2025-05-24 00:33:24,149 - ERROR - Error loading CSV data: 'timestamp'
2025-05-24 00:33:24,167 - ERROR - Error in prepare_training_data: No historical M1 data found for XAUUSD
2025-05-24 00:33:24,167 - ERROR - Error in main: No historical M1 data found for XAUUSD
2025-05-24 00:34:57,475 - INFO - Loaded configuration
2025-05-24 00:35:00,983 - ERROR - Error loading CSV data: 'timestamp'
2025-05-24 00:35:01,007 - ERROR - Error in prepare_training_data: No historical M1 data found for XAUUSD
2025-05-24 00:35:01,007 - ERROR - Error in main: No historical M1 data found for XAUUSD
2025-05-24 00:44:17,652 - INFO - Loaded configuration
2025-05-24 00:44:17,655 - ERROR - Error in prepare_training_data: No historical M1 data found for XAUUSD
2025-05-24 00:44:17,655 - ERROR - Error in main: No historical M1 data found for XAUUSD
2025-05-24 00:46:44,485 - INFO - Loaded configuration
2025-05-24 00:46:44,488 - ERROR - Error in prepare_training_data: No historical M1 data found for XAUUSD
2025-05-24 00:46:44,488 - ERROR - Error in main: No historical M1 data found for XAUUSD
2025-05-24 18:56:10,194 - INFO - Loaded configuration
2025-05-24 18:56:10,198 - ERROR - Error in prepare_training_data: No historical M1 data found for XAUUSD
2025-05-24 18:56:10,198 - ERROR - Error in main: No historical M1 data found for XAUUSD
